::1 - - [27/Dec/2020:08:34:27 +0000] "GET /api/getAllData HTTP/1.1" 200 143 "-" "PostmanRuntime/7.26.8"
::1 - - [27/Dec/2020:08:34:58 +0000] "POST /api/addNewData HTTP/1.1" 200 48 "-" "PostmanRuntime/7.26.8"
::1 - - [27/Dec/2020:08:35:06 +0000] "GET /api/getAllData HTTP/1.1" 200 212 "-" "PostmanRuntime/7.26.8"
::1 - - [27/Dec/2020:08:36:04 +0000] "PUT /api/updateData HTTP/1.1" 200 48 "-" "PostmanRuntime/7.26.8"
::1 - - [27/Dec/2020:08:36:42 +0000] "DELETE /api/deleteData HTTP/1.1" 200 48 "-" "PostmanRuntime/7.26.8"
::1 - - [27/Dec/2020:13:19:57 +0000] "GET /api/getAllData HTTP/1.1" 200 70 "-" "PostmanRuntime/7.26.8"
::1 - - [27/Dec/2020:13:21:21 +0000] "GET /api/getAllData HTTP/1.1" 200 70 "-" "PostmanRuntime/7.26.8"
::1 - - [27/Dec/2020:13:22:04 +0000] "GET /api/getAllData HTTP/1.1" 200 70 "-" "PostmanRuntime/7.26.8"
::1 - - [27/Dec/2020:13:23:59 +0000] "GET /api/getAllData HTTP/1.1" 200 70 "-" "PostmanRuntime/7.26.8"
::1 - - [27/Dec/2020:14:45:52 +0000] "GET / HTTP/1.1" 404 139 "-" "Mozilla/5.0 (Windows NT 10.0; Win64; x64) AppleWebKit/537.36 (KHTML, like Gecko) Chrome/87.0.4280.88 Safari/537.36"
::1 - - [27/Dec/2020:14:46:32 +0000] "GET / HTTP/1.1" 404 139 "-" "Mozilla/5.0 (Windows NT 10.0; Win64; x64) AppleWebKit/537.36 (KHTML, like Gecko) Chrome/87.0.4280.88 Safari/537.36"
::1 - - [27/Dec/2020:14:51:34 +0000] "GET /api/getAllData HTTP/1.1" 200 70 "-" "PostmanRuntime/7.26.8"
::1 - - [27/Dec/2020:15:14:06 +0000] "GET /api/getAllData HTTP/1.1" 200 70 "-" "PostmanRuntime/7.26.8"
::1 - - [27/Dec/2020:15:20:13 +0000] "POST /api/addNewData HTTP/1.1" 200 48 "-" "PostmanRuntime/7.26.8"
::1 - - [27/Dec/2020:15:20:57 +0000] "GET /api/getAllData HTTP/1.1" 200 140 "-" "PostmanRuntime/7.26.8"
::1 - - [27/Dec/2020:15:22:12 +0000] "GET /api/getAllData HTTP/1.1" 200 140 "-" "PostmanRuntime/7.26.8"
::1 - - [27/Dec/2020:15:24:05 +0000] "POST /api/addNewData HTTP/1.1" 200 48 "-" "PostmanRuntime/7.26.8"
::1 - - [27/Dec/2020:15:26:37 +0000] "GET /api/getAllData HTTP/1.1" 200 210 "-" "PostmanRuntime/7.26.8"
::1 - - [27/Dec/2020:15:27:41 +0000] "GET /api/getAllData HTTP/1.1" 404 153 "-" "PostmanRuntime/7.26.8"
::1 - - [27/Dec/2020:15:29:09 +0000] "GET /api/getAllData HTTP/1.1" 404 153 "-" "PostmanRuntime/7.26.8"
::1 - - [27/Dec/2020:15:29:22 +0000] "GET /api/getAllData HTTP/1.1" 404 153 "-" "PostmanRuntime/7.26.8"
::1 - - [27/Dec/2020:15:29:57 +0000] "GET /api/getAllData HTTP/1.1" 200 210 "-" "PostmanRuntime/7.26.8"
::1 - - [27/Dec/2020:15:38:44 +0000] "GET /api/getAllData HTTP/1.1" 200 210 "-" "PostmanRuntime/7.26.8"
::1 - - [27/Dec/2020:15:51:36 +0000] "GET /api/getAllData HTTP/1.1" 200 210 "-" "PostmanRuntime/7.26.8"
::1 - - [27/Dec/2020:15:56:06 +0000] "POST /api/addNewData HTTP/1.1" 200 48 "-" "PostmanRuntime/7.26.8"
::1 - - [06/Jan/2021:04:02:07 +0000] "GET /api/getAllData HTTP/1.1" 200 280 "-" "PostmanRuntime/7.26.8"
::1 - - [06/Jan/2021:04:03:48 +0000] "POST /api/addNewData HTTP/1.1" 200 48 "-" "PostmanRuntime/7.26.8"
::1 - - [13/Jan/2021:07:26:49 +0000] "GET /api/getAllData HTTP/1.1" 200 353 "-" "PostmanRuntime/7.26.8"
::1 - - [03/Apr/2021:11:45:29 +0000] "GET /Employee HTTP/1.1" 404 147 "-" "PostmanRuntime/7.26.10"
::1 - - [03/Apr/2021:11:53:04 +0000] "GET /Employee HTTP/1.1" 404 147 "-" "PostmanRuntime/7.26.10"
::1 - - [03/Apr/2021:11:53:09 +0000] "GET /Employee HTTP/1.1" 404 147 "-" "PostmanRuntime/7.26.10"
::1 - - [03/Apr/2021:12:01:21 +0000] "GET /Employee HTTP/1.1" 404 147 "-" "PostmanRuntime/7.26.10"
::1 - - [05/Sep/2021:03:32:45 +0000] "GET /api/getAllData HTTP/1.1" 200 353 "-" "PostmanRuntime/7.28.4"
::1 - - [05/Sep/2021:03:37:23 +0000] "POST /api/getAllData HTTP/1.1" 404 154 "-" "PostmanRuntime/7.28.4"
::1 - - [05/Sep/2021:03:37:37 +0000] "POST /api/addNewData HTTP/1.1" 200 28 "-" "PostmanRuntime/7.28.4"
::1 - - [05/Sep/2021:03:38:34 +0000] "POST /api/addNewData HTTP/1.1" 200 48 "-" "PostmanRuntime/7.28.4"
::1 - - [05/Sep/2021:03:42:41 +0000] "PUT /api/updateData HTTP/1.1" 200 24 "-" "PostmanRuntime/7.28.4"
::1 - - [05/Sep/2021:03:43:06 +0000] "PUT /api/updateData HTTP/1.1" 200 48 "-" "PostmanRuntime/7.28.4"
::1 - - [05/Sep/2021:03:45:04 +0000] "DELETE /api/deleteData HTTP/1.1" 200 48 "-" "PostmanRuntime/7.28.4"
::1 - - [05/Sep/2021:03:46:04 +0000] "POST /api/getAllData HTTP/1.1" 404 154 "-" "PostmanRuntime/7.28.4"
::1 - - [05/Sep/2021:03:46:14 +0000] "GET /api/getAllData HTTP/1.1" 200 353 "-" "PostmanRuntime/7.28.4"
::1 - - [05/Sep/2021:03:52:36 +0000] "GET /api/getAllData HTTP/1.1" 200 353 "-" "PostmanRuntime/7.28.4"
::1 - - [05/Sep/2021:03:57:22 +0000] "GET /api/getAllData HTTP/1.1" 200 353 "-" "PostmanRuntime/7.28.4"
::1 - - [05/Sep/2021:04:04:41 +0000] "GET /api/getAllData HTTP/1.1" 200 353 "-" "PostmanRuntime/7.28.4"
::1 - - [05/Sep/2021:04:05:00 +0000] "POST /api/addNewData HTTP/1.1" 200 48 "-" "PostmanRuntime/7.28.4"
::1 - - [05/Sep/2021:04:05:07 +0000] "GET /api/getAllData HTTP/1.1" 200 353 "-" "PostmanRuntime/7.28.4"
::1 - - [05/Sep/2021:04:05:45 +0000] "GET /api/getAllData HTTP/1.1" 200 353 "-" "PostmanRuntime/7.28.4"
::1 - - [05/Sep/2021:04:06:59 +0000] "GET /api/getAllData HTTP/1.1" 200 426 "-" "PostmanRuntime/7.28.4"
::1 - - [05/Sep/2021:04:13:13 +0000] "POST /api/addNewData HTTP/1.1" 500 46 "-" "PostmanRuntime/7.28.4"
::1 - - [05/Sep/2021:04:14:08 +0000] "POST /api/addNewData HTTP/1.1" 500 46 "-" "PostmanRuntime/7.28.4"
::1 - - [05/Sep/2021:04:14:52 +0000] "POST /api/addNewData HTTP/1.1" 500 46 "-" "PostmanRuntime/7.28.4"
::1 - - [05/Sep/2021:04:15:07 +0000] "POST /api/addNewData HTTP/1.1" 500 46 "-" "PostmanRuntime/7.28.4"
::1 - - [05/Sep/2021:04:25:53 +0000] "POST /api/addNewData HTTP/1.1" 500 46 "-" "PostmanRuntime/7.28.4"
::1 - - [05/Sep/2021:04:26:15 +0000] "POST /api/addNewData HTTP/1.1" 500 46 "-" "PostmanRuntime/7.28.4"
::1 - - [05/Sep/2021:04:26:33 +0000] "POST /api/addNewData HTTP/1.1" 200 48 "-" "PostmanRuntime/7.28.4"
::1 - - [05/Sep/2021:04:27:22 +0000] "POST /api/addNewData HTTP/1.1" 500 46 "-" "PostmanRuntime/7.28.4"
::1 - - [05/Sep/2021:04:29:06 +0000] "POST /api/addNewData HTTP/1.1" 500 36 "-" "PostmanRuntime/7.28.4"
::1 - - [05/Sep/2021:04:30:14 +0000] "POST /api/addNewData HTTP/1.1" 200 48 "-" "PostmanRuntime/7.28.4"
::1 - - [05/Sep/2021:04:41:13 +0000] "POST /api/addNewData HTTP/1.1" 500 29 "-" "PostmanRuntime/7.28.4"
::1 - - [05/Sep/2021:04:41:52 +0000] "POST /api/addNewData HTTP/1.1" 500 43 "-" "PostmanRuntime/7.28.4"
::1 - - [05/Sep/2021:04:42:41 +0000] "POST /api/addNewData HTTP/1.1" 500 43 "-" "PostmanRuntime/7.28.4"
::1 - - [05/Sep/2021:04:43:10 +0000] "POST /api/addNewData HTTP/1.1" 200 48 "-" "PostmanRuntime/7.28.4"
::1 - - [05/Sep/2021:06:14:56 +0000] "GET /api/GelAllState HTTP/1.1" 404 154 "-" "PostmanRuntime/7.28.4"
::1 - - [05/Sep/2021:06:15:41 +0000] "GET /api/GelAllState HTTP/1.1" 200 28 "-" "PostmanRuntime/7.28.4"
::1 - - [05/Sep/2021:06:20:09 +0000] "GET /api/GelAllState HTTP/1.1" 200 1079 "-" "PostmanRuntime/7.28.4"
::1 - - [05/Sep/2021:07:02:22 +0000] "GET /api/GelAllState HTTP/1.1" 200 1079 "http://localhost:8100/" "Mozilla/5.0 (iPhone; CPU iPhone OS 13_2_3 like Mac OS X) AppleWebKit/605.1.15 (KHTML, like Gecko) Version/13.0.3 Mobile/15E148 Safari/604.1"
::1 - - [05/Sep/2021:07:04:13 +0000] "GET /api/GelAllState HTTP/1.1" 304 - "http://localhost:8100/" "Mozilla/5.0 (iPhone; CPU iPhone OS 13_2_3 like Mac OS X) AppleWebKit/605.1.15 (KHTML, like Gecko) Version/13.0.3 Mobile/15E148 Safari/604.1"
::1 - - [05/Sep/2021:07:05:28 +0000] "GET /api/GelAllState HTTP/1.1" 304 - "http://localhost:8100/" "Mozilla/5.0 (iPhone; CPU iPhone OS 13_2_3 like Mac OS X) AppleWebKit/605.1.15 (KHTML, like Gecko) Version/13.0.3 Mobile/15E148 Safari/604.1"
::1 - - [05/Sep/2021:07:06:48 +0000] "GET /api/GelAllState HTTP/1.1" 304 - "http://localhost:8100/" "Mozilla/5.0 (iPhone; CPU iPhone OS 13_2_3 like Mac OS X) AppleWebKit/605.1.15 (KHTML, like Gecko) Version/13.0.3 Mobile/15E148 Safari/604.1"
::1 - - [05/Sep/2021:07:08:38 +0000] "GET /api/GelAllState HTTP/1.1" 304 - "http://localhost:8100/" "Mozilla/5.0 (iPhone; CPU iPhone OS 13_2_3 like Mac OS X) AppleWebKit/605.1.15 (KHTML, like Gecko) Version/13.0.3 Mobile/15E148 Safari/604.1"
::1 - - [05/Sep/2021:07:08:39 +0000] "GET /api/GelAllState HTTP/1.1" 304 - "http://localhost:8100/" "Mozilla/5.0 (iPhone; CPU iPhone OS 13_2_3 like Mac OS X) AppleWebKit/605.1.15 (KHTML, like Gecko) Version/13.0.3 Mobile/15E148 Safari/604.1"
::1 - - [05/Sep/2021:07:09:47 +0000] "GET /api/GelAllState HTTP/1.1" 304 - "http://localhost:8100/" "Mozilla/5.0 (iPhone; CPU iPhone OS 13_2_3 like Mac OS X) AppleWebKit/605.1.15 (KHTML, like Gecko) Version/13.0.3 Mobile/15E148 Safari/604.1"
::1 - - [05/Sep/2021:07:09:48 +0000] "GET /api/GelAllState HTTP/1.1" 304 - "http://localhost:8100/" "Mozilla/5.0 (iPhone; CPU iPhone OS 13_2_3 like Mac OS X) AppleWebKit/605.1.15 (KHTML, like Gecko) Version/13.0.3 Mobile/15E148 Safari/604.1"
::1 - - [05/Sep/2021:07:10:14 +0000] "GET /api/GelAllState HTTP/1.1" 304 - "http://localhost:8100/" "Mozilla/5.0 (iPhone; CPU iPhone OS 13_2_3 like Mac OS X) AppleWebKit/605.1.15 (KHTML, like Gecko) Version/13.0.3 Mobile/15E148 Safari/604.1"
::1 - - [05/Sep/2021:07:17:26 +0000] "GET /api/GelAllState HTTP/1.1" 304 - "http://localhost:8100/" "Mozilla/5.0 (iPhone; CPU iPhone OS 13_2_3 like Mac OS X) AppleWebKit/605.1.15 (KHTML, like Gecko) Version/13.0.3 Mobile/15E148 Safari/604.1"
::1 - - [05/Sep/2021:07:17:33 +0000] "GET /api/GelAllState HTTP/1.1" 304 - "http://localhost:8100/" "Mozilla/5.0 (iPhone; CPU iPhone OS 13_2_3 like Mac OS X) AppleWebKit/605.1.15 (KHTML, like Gecko) Version/13.0.3 Mobile/15E148 Safari/604.1"
::1 - - [05/Sep/2021:07:20:25 +0000] "GET /api/GelAllState HTTP/1.1" 304 - "http://localhost:8100/" "Mozilla/5.0 (iPhone; CPU iPhone OS 13_2_3 like Mac OS X) AppleWebKit/605.1.15 (KHTML, like Gecko) Version/13.0.3 Mobile/15E148 Safari/604.1"
::1 - - [05/Sep/2021:07:21:03 +0000] "GET /api/GelAllState HTTP/1.1" 304 - "http://localhost:8100/" "Mozilla/5.0 (iPhone; CPU iPhone OS 13_2_3 like Mac OS X) AppleWebKit/605.1.15 (KHTML, like Gecko) Version/13.0.3 Mobile/15E148 Safari/604.1"
::1 - - [05/Sep/2021:07:22:47 +0000] "GET /api/GelAllState HTTP/1.1" 304 - "http://localhost:8100/" "Mozilla/5.0 (iPhone; CPU iPhone OS 13_2_3 like Mac OS X) AppleWebKit/605.1.15 (KHTML, like Gecko) Version/13.0.3 Mobile/15E148 Safari/604.1"
::1 - - [05/Sep/2021:07:22:53 +0000] "GET /api/GelAllState HTTP/1.1" 304 - "http://localhost:8100/" "Mozilla/5.0 (iPhone; CPU iPhone OS 13_2_3 like Mac OS X) AppleWebKit/605.1.15 (KHTML, like Gecko) Version/13.0.3 Mobile/15E148 Safari/604.1"
::1 - - [05/Sep/2021:07:24:40 +0000] "GET /api/GelAllState HTTP/1.1" 304 - "http://localhost:8100/" "Mozilla/5.0 (iPhone; CPU iPhone OS 13_2_3 like Mac OS X) AppleWebKit/605.1.15 (KHTML, like Gecko) Version/13.0.3 Mobile/15E148 Safari/604.1"
::1 - - [05/Sep/2021:07:26:04 +0000] "GET /api/GelAllState HTTP/1.1" 304 - "http://localhost:8100/" "Mozilla/5.0 (iPhone; CPU iPhone OS 13_2_3 like Mac OS X) AppleWebKit/605.1.15 (KHTML, like Gecko) Version/13.0.3 Mobile/15E148 Safari/604.1"
::1 - - [05/Sep/2021:07:27:36 +0000] "GET /api/GelAllState HTTP/1.1" 304 - "http://localhost:8100/" "Mozilla/5.0 (iPhone; CPU iPhone OS 13_2_3 like Mac OS X) AppleWebKit/605.1.15 (KHTML, like Gecko) Version/13.0.3 Mobile/15E148 Safari/604.1"
::1 - - [05/Sep/2021:07:28:27 +0000] "GET /api/GelAllState HTTP/1.1" 304 - "http://localhost:8100/" "Mozilla/5.0 (iPhone; CPU iPhone OS 13_2_3 like Mac OS X) AppleWebKit/605.1.15 (KHTML, like Gecko) Version/13.0.3 Mobile/15E148 Safari/604.1"
::1 - - [05/Sep/2021:07:29:01 +0000] "GET /api/GelAllState HTTP/1.1" 304 - "http://localhost:8100/" "Mozilla/5.0 (iPhone; CPU iPhone OS 13_2_3 like Mac OS X) AppleWebKit/605.1.15 (KHTML, like Gecko) Version/13.0.3 Mobile/15E148 Safari/604.1"
::1 - - [05/Sep/2021:07:29:43 +0000] "GET /api/GelAllState HTTP/1.1" 304 - "http://localhost:8100/" "Mozilla/5.0 (iPhone; CPU iPhone OS 13_2_3 like Mac OS X) AppleWebKit/605.1.15 (KHTML, like Gecko) Version/13.0.3 Mobile/15E148 Safari/604.1"
::1 - - [05/Sep/2021:08:16:46 +0000] "GET /api/GelAllState HTTP/1.1" 200 1079 "-" "PostmanRuntime/7.28.4"
::1 - - [05/Sep/2021:08:17:04 +0000] "GET /api/GetCityByState HTTP/1.1" 200 1956 "-" "PostmanRuntime/7.28.4"
::1 - - [05/Sep/2021:08:20:55 +0000] "GET /api/GelAllState HTTP/1.1" 304 - "http://localhost:8100/" "Mozilla/5.0 (iPhone; CPU iPhone OS 13_2_3 like Mac OS X) AppleWebKit/605.1.15 (KHTML, like Gecko) Version/13.0.3 Mobile/15E148 Safari/604.1"
::1 - - [05/Sep/2021:08:22:51 +0000] "GET /api/GelAllState HTTP/1.1" 304 - "http://localhost:8100/" "Mozilla/5.0 (iPhone; CPU iPhone OS 13_2_3 like Mac OS X) AppleWebKit/605.1.15 (KHTML, like Gecko) Version/13.0.3 Mobile/15E148 Safari/604.1"
::1 - - [05/Sep/2021:08:23:09 +0000] "GET /api/GelAllState HTTP/1.1" 304 - "http://localhost:8100/" "Mozilla/5.0 (iPhone; CPU iPhone OS 13_2_3 like Mac OS X) AppleWebKit/605.1.15 (KHTML, like Gecko) Version/13.0.3 Mobile/15E148 Safari/604.1"
::1 - - [05/Sep/2021:08:23:46 +0000] "GET /api/GelAllState HTTP/1.1" 304 - "http://localhost:8100/" "Mozilla/5.0 (iPhone; CPU iPhone OS 13_2_3 like Mac OS X) AppleWebKit/605.1.15 (KHTML, like Gecko) Version/13.0.3 Mobile/15E148 Safari/604.1"
::1 - - [05/Sep/2021:08:24:36 +0000] "GET /api/GelAllState HTTP/1.1" 304 - "http://localhost:8100/" "Mozilla/5.0 (iPhone; CPU iPhone OS 13_2_3 like Mac OS X) AppleWebKit/605.1.15 (KHTML, like Gecko) Version/13.0.3 Mobile/15E148 Safari/604.1"
::1 - - [05/Sep/2021:08:25:25 +0000] "GET /api/GelAllState HTTP/1.1" 304 - "http://localhost:8100/" "Mozilla/5.0 (iPhone; CPU iPhone OS 13_2_3 like Mac OS X) AppleWebKit/605.1.15 (KHTML, like Gecko) Version/13.0.3 Mobile/15E148 Safari/604.1"
::1 - - [05/Sep/2021:08:27:25 +0000] "GET /api/GelAllState HTTP/1.1" 304 - "http://localhost:8100/" "Mozilla/5.0 (iPhone; CPU iPhone OS 13_2_3 like Mac OS X) AppleWebKit/605.1.15 (KHTML, like Gecko) Version/13.0.3 Mobile/15E148 Safari/604.1"
::1 - - [05/Sep/2021:08:27:37 +0000] "GET /api/GelAllState HTTP/1.1" 304 - "http://localhost:8100/" "Mozilla/5.0 (iPhone; CPU iPhone OS 13_2_3 like Mac OS X) AppleWebKit/605.1.15 (KHTML, like Gecko) Version/13.0.3 Mobile/15E148 Safari/604.1"
::1 - - [05/Sep/2021:08:28:36 +0000] "GET /api/GelAllState HTTP/1.1" 304 - "http://localhost:8100/" "Mozilla/5.0 (iPhone; CPU iPhone OS 13_2_3 like Mac OS X) AppleWebKit/605.1.15 (KHTML, like Gecko) Version/13.0.3 Mobile/15E148 Safari/604.1"
::1 - - [05/Sep/2021:08:28:50 +0000] "GET /api/GelAllState HTTP/1.1" 304 - "http://localhost:8100/" "Mozilla/5.0 (iPhone; CPU iPhone OS 13_2_3 like Mac OS X) AppleWebKit/605.1.15 (KHTML, like Gecko) Version/13.0.3 Mobile/15E148 Safari/604.1"
::1 - - [05/Sep/2021:08:33:53 +0000] "GET /api/GelAllState HTTP/1.1" 304 - "http://localhost:8100/" "Mozilla/5.0 (iPhone; CPU iPhone OS 13_2_3 like Mac OS X) AppleWebKit/605.1.15 (KHTML, like Gecko) Version/13.0.3 Mobile/15E148 Safari/604.1"
::1 - - [05/Sep/2021:08:34:09 +0000] "GET /api/GelAllState HTTP/1.1" 304 - "http://localhost:8100/" "Mozilla/5.0 (iPhone; CPU iPhone OS 13_2_3 like Mac OS X) AppleWebKit/605.1.15 (KHTML, like Gecko) Version/13.0.3 Mobile/15E148 Safari/604.1"
::1 - - [05/Sep/2021:08:35:48 +0000] "GET /api/GelAllState HTTP/1.1" 304 - "http://localhost:8100/" "Mozilla/5.0 (iPhone; CPU iPhone OS 13_2_3 like Mac OS X) AppleWebKit/605.1.15 (KHTML, like Gecko) Version/13.0.3 Mobile/15E148 Safari/604.1"
::1 - - [05/Sep/2021:08:36:27 +0000] "GET /api/GelAllState HTTP/1.1" 304 - "http://localhost:8100/" "Mozilla/5.0 (iPhone; CPU iPhone OS 13_2_3 like Mac OS X) AppleWebKit/605.1.15 (KHTML, like Gecko) Version/13.0.3 Mobile/15E148 Safari/604.1"
::1 - - [05/Sep/2021:08:39:13 +0000] "GET /api/GelAllState HTTP/1.1" 304 - "http://localhost:8100/" "Mozilla/5.0 (iPhone; CPU iPhone OS 13_2_3 like Mac OS X) AppleWebKit/605.1.15 (KHTML, like Gecko) Version/13.0.3 Mobile/15E148 Safari/604.1"
::1 - - [05/Sep/2021:08:39:29 +0000] "GET /api/GelAllState HTTP/1.1" 304 - "http://localhost:8100/" "Mozilla/5.0 (iPhone; CPU iPhone OS 13_2_3 like Mac OS X) AppleWebKit/605.1.15 (KHTML, like Gecko) Version/13.0.3 Mobile/15E148 Safari/604.1"
::1 - - [05/Sep/2021:08:40:13 +0000] "GET /api/GelAllState HTTP/1.1" 304 - "http://localhost:8100/" "Mozilla/5.0 (iPhone; CPU iPhone OS 13_2_3 like Mac OS X) AppleWebKit/605.1.15 (KHTML, like Gecko) Version/13.0.3 Mobile/15E148 Safari/604.1"
::1 - - [05/Sep/2021:08:41:27 +0000] "GET /api/GelAllState HTTP/1.1" 304 - "http://localhost:8100/" "Mozilla/5.0 (iPhone; CPU iPhone OS 13_2_3 like Mac OS X) AppleWebKit/605.1.15 (KHTML, like Gecko) Version/13.0.3 Mobile/15E148 Safari/604.1"
::1 - - [05/Sep/2021:09:09:28 +0000] "GET /api/GelAllState HTTP/1.1" 304 - "http://localhost:8100/" "Mozilla/5.0 (iPhone; CPU iPhone OS 13_2_3 like Mac OS X) AppleWebKit/605.1.15 (KHTML, like Gecko) Version/13.0.3 Mobile/15E148 Safari/604.1"
::1 - - [05/Sep/2021:09:09:36 +0000] "GET /api/GelAllState HTTP/1.1" 304 - "http://localhost:8100/" "Mozilla/5.0 (iPhone; CPU iPhone OS 13_2_3 like Mac OS X) AppleWebKit/605.1.15 (KHTML, like Gecko) Version/13.0.3 Mobile/15E148 Safari/604.1"
::1 - - [05/Sep/2021:09:10:58 +0000] "GET /api/GelAllState HTTP/1.1" 304 - "http://localhost:8100/" "Mozilla/5.0 (iPhone; CPU iPhone OS 13_2_3 like Mac OS X) AppleWebKit/605.1.15 (KHTML, like Gecko) Version/13.0.3 Mobile/15E148 Safari/604.1"
::1 - - [05/Sep/2021:09:25:11 +0000] "GET /api/GelAllState HTTP/1.1" 304 - "http://localhost:8100/" "Mozilla/5.0 (iPhone; CPU iPhone OS 13_2_3 like Mac OS X) AppleWebKit/605.1.15 (KHTML, like Gecko) Version/13.0.3 Mobile/15E148 Safari/604.1"
::1 - - [05/Sep/2021:09:27:56 +0000] "GET /api/GelAllState HTTP/1.1" 304 - "http://localhost:8100/" "Mozilla/5.0 (iPhone; CPU iPhone OS 13_2_3 like Mac OS X) AppleWebKit/605.1.15 (KHTML, like Gecko) Version/13.0.3 Mobile/15E148 Safari/604.1"
::1 - - [05/Sep/2021:09:28:21 +0000] "GET /api/GelAllState HTTP/1.1" 304 - "http://localhost:8100/" "Mozilla/5.0 (iPhone; CPU iPhone OS 13_2_3 like Mac OS X) AppleWebKit/605.1.15 (KHTML, like Gecko) Version/13.0.3 Mobile/15E148 Safari/604.1"
::1 - - [05/Sep/2021:09:28:25 +0000] "GET /api/GelAllState HTTP/1.1" 304 - "http://localhost:8100/" "Mozilla/5.0 (iPhone; CPU iPhone OS 13_2_3 like Mac OS X) AppleWebKit/605.1.15 (KHTML, like Gecko) Version/13.0.3 Mobile/15E148 Safari/604.1"
::1 - - [05/Sep/2021:09:28:41 +0000] "GET /api/GelAllState HTTP/1.1" 304 - "http://localhost:8100/" "Mozilla/5.0 (iPhone; CPU iPhone OS 13_2_3 like Mac OS X) AppleWebKit/605.1.15 (KHTML, like Gecko) Version/13.0.3 Mobile/15E148 Safari/604.1"
::1 - - [05/Sep/2021:09:29:18 +0000] "POST /api/GetCityByState HTTP/1.1" 200 1956 "-" "PostmanRuntime/7.28.4"
::1 - - [05/Sep/2021:09:29:49 +0000] "POST /api/GelAllState HTTP/1.1" 404 155 "http://localhost:8100/" "Mozilla/5.0 (iPhone; CPU iPhone OS 13_2_3 like Mac OS X) AppleWebKit/605.1.15 (KHTML, like Gecko) Version/13.0.3 Mobile/15E148 Safari/604.1"
::1 - - [05/Sep/2021:09:30:34 +0000] "GET /api/GelAllState HTTP/1.1" 304 - "http://localhost:8100/" "Mozilla/5.0 (iPhone; CPU iPhone OS 13_2_3 like Mac OS X) AppleWebKit/605.1.15 (KHTML, like Gecko) Version/13.0.3 Mobile/15E148 Safari/604.1"
::1 - - [05/Sep/2021:09:31:05 +0000] "POST /api/GelAllState HTTP/1.1" 404 155 "http://localhost:8100/" "Mozilla/5.0 (iPhone; CPU iPhone OS 13_2_3 like Mac OS X) AppleWebKit/605.1.15 (KHTML, like Gecko) Version/13.0.3 Mobile/15E148 Safari/604.1"
::1 - - [05/Sep/2021:09:32:33 +0000] "GET /api/GelAllState HTTP/1.1" 304 - "http://localhost:8100/" "Mozilla/5.0 (iPhone; CPU iPhone OS 13_2_3 like Mac OS X) AppleWebKit/605.1.15 (KHTML, like Gecko) Version/13.0.3 Mobile/15E148 Safari/604.1"
::1 - - [05/Sep/2021:09:32:55 +0000] "GET /api/GelAllState HTTP/1.1" 304 - "http://localhost:8100/" "Mozilla/5.0 (iPhone; CPU iPhone OS 13_2_3 like Mac OS X) AppleWebKit/605.1.15 (KHTML, like Gecko) Version/13.0.3 Mobile/15E148 Safari/604.1"
::1 - - [05/Sep/2021:09:33:14 +0000] "POST /api/GetCityByState HTTP/1.1" 200 1956 "http://localhost:8100/" "Mozilla/5.0 (iPhone; CPU iPhone OS 13_2_3 like Mac OS X) AppleWebKit/605.1.15 (KHTML, like Gecko) Version/13.0.3 Mobile/15E148 Safari/604.1"
::1 - - [05/Sep/2021:09:35:34 +0000] "GET /api/GelAllState HTTP/1.1" 304 - "http://localhost:8100/" "Mozilla/5.0 (iPhone; CPU iPhone OS 13_2_3 like Mac OS X) AppleWebKit/605.1.15 (KHTML, like Gecko) Version/13.0.3 Mobile/15E148 Safari/604.1"
::1 - - [05/Sep/2021:09:35:58 +0000] "POST /api/GetCityByState HTTP/1.1" 200 1956 "http://localhost:8100/" "Mozilla/5.0 (iPhone; CPU iPhone OS 13_2_3 like Mac OS X) AppleWebKit/605.1.15 (KHTML, like Gecko) Version/13.0.3 Mobile/15E148 Safari/604.1"
::1 - - [05/Sep/2021:09:36:54 +0000] "GET /api/GelAllState HTTP/1.1" 200 1079 "-" "PostmanRuntime/7.28.4"
::1 - - [05/Sep/2021:09:37:11 +0000] "POST /api/GetCityByState HTTP/1.1" 200 1956 "-" "PostmanRuntime/7.28.4"
::1 - - [05/Sep/2021:09:39:02 +0000] "GET /api/GelAllState HTTP/1.1" 304 - "http://localhost:8100/" "Mozilla/5.0 (iPhone; CPU iPhone OS 13_2_3 like Mac OS X) AppleWebKit/605.1.15 (KHTML, like Gecko) Version/13.0.3 Mobile/15E148 Safari/604.1"
::1 - - [05/Sep/2021:09:39:13 +0000] "POST /api/GetCityByState HTTP/1.1" 200 1956 "http://localhost:8100/" "Mozilla/5.0 (iPhone; CPU iPhone OS 13_2_3 like Mac OS X) AppleWebKit/605.1.15 (KHTML, like Gecko) Version/13.0.3 Mobile/15E148 Safari/604.1"
::1 - - [05/Sep/2021:09:40:12 +0000] "POST /api/GetCityByState HTTP/1.1" 200 868 "http://localhost:8100/" "Mozilla/5.0 (iPhone; CPU iPhone OS 13_2_3 like Mac OS X) AppleWebKit/605.1.15 (KHTML, like Gecko) Version/13.0.3 Mobile/15E148 Safari/604.1"
::1 - - [05/Sep/2021:09:42:26 +0000] "GET /api/GelAllState HTTP/1.1" 304 - "http://localhost:8100/" "Mozilla/5.0 (iPhone; CPU iPhone OS 13_2_3 like Mac OS X) AppleWebKit/605.1.15 (KHTML, like Gecko) Version/13.0.3 Mobile/15E148 Safari/604.1"
::1 - - [05/Sep/2021:09:42:48 +0000] "POST /api/GetCityByState HTTP/1.1" 200 1956 "http://localhost:8100/" "Mozilla/5.0 (iPhone; CPU iPhone OS 13_2_3 like Mac OS X) AppleWebKit/605.1.15 (KHTML, like Gecko) Version/13.0.3 Mobile/15E148 Safari/604.1"
::1 - - [05/Sep/2021:09:52:34 +0000] "POST /api/GetCityByState HTTP/1.1" 200 868 "http://localhost:8100/" "Mozilla/5.0 (iPhone; CPU iPhone OS 13_2_3 like Mac OS X) AppleWebKit/605.1.15 (KHTML, like Gecko) Version/13.0.3 Mobile/15E148 Safari/604.1"
::1 - - [05/Sep/2021:09:56:47 +0000] "GET /api/GelAllState HTTP/1.1" 304 - "http://localhost:8100/" "Mozilla/5.0 (iPhone; CPU iPhone OS 13_2_3 like Mac OS X) AppleWebKit/605.1.15 (KHTML, like Gecko) Version/13.0.3 Mobile/15E148 Safari/604.1"
::1 - - [05/Sep/2021:09:57:45 +0000] "POST /api/GetCityByState HTTP/1.1" 200 1956 "http://localhost:8100/" "Mozilla/5.0 (iPhone; CPU iPhone OS 13_2_3 like Mac OS X) AppleWebKit/605.1.15 (KHTML, like Gecko) Version/13.0.3 Mobile/15E148 Safari/604.1"
::1 - - [05/Sep/2021:10:01:07 +0000] "POST /api/GetCityByState HTTP/1.1" 200 868 "http://localhost:8100/" "Mozilla/5.0 (iPhone; CPU iPhone OS 13_2_3 like Mac OS X) AppleWebKit/605.1.15 (KHTML, like Gecko) Version/13.0.3 Mobile/15E148 Safari/604.1"
::1 - - [05/Sep/2021:10:03:41 +0000] "POST /api/GetCityByState HTTP/1.1" 200 1956 "http://localhost:8100/" "Mozilla/5.0 (iPhone; CPU iPhone OS 13_2_3 like Mac OS X) AppleWebKit/605.1.15 (KHTML, like Gecko) Version/13.0.3 Mobile/15E148 Safari/604.1"
::1 - - [05/Sep/2021:10:05:48 +0000] "GET /api/GelAllState HTTP/1.1" 304 - "http://localhost:8100/" "Mozilla/5.0 (iPhone; CPU iPhone OS 13_2_3 like Mac OS X) AppleWebKit/605.1.15 (KHTML, like Gecko) Version/13.0.3 Mobile/15E148 Safari/604.1"
::1 - - [05/Sep/2021:10:05:59 +0000] "POST /api/GetCityByState HTTP/1.1" 200 1956 "http://localhost:8100/" "Mozilla/5.0 (iPhone; CPU iPhone OS 13_2_3 like Mac OS X) AppleWebKit/605.1.15 (KHTML, like Gecko) Version/13.0.3 Mobile/15E148 Safari/604.1"
::1 - - [05/Sep/2021:10:06:42 +0000] "GET /api/GelAllState HTTP/1.1" 304 - "http://localhost:8100/" "Mozilla/5.0 (iPhone; CPU iPhone OS 13_2_3 like Mac OS X) AppleWebKit/605.1.15 (KHTML, like Gecko) Version/13.0.3 Mobile/15E148 Safari/604.1"
::1 - - [05/Sep/2021:10:07:09 +0000] "POST /api/GetCityByState HTTP/1.1" 200 1956 "http://localhost:8100/" "Mozilla/5.0 (iPhone; CPU iPhone OS 13_2_3 like Mac OS X) AppleWebKit/605.1.15 (KHTML, like Gecko) Version/13.0.3 Mobile/15E148 Safari/604.1"
::1 - - [05/Sep/2021:10:12:34 +0000] "GET /api/GelAllState HTTP/1.1" 304 - "http://localhost:8100/" "Mozilla/5.0 (iPhone; CPU iPhone OS 13_2_3 like Mac OS X) AppleWebKit/605.1.15 (KHTML, like Gecko) Version/13.0.3 Mobile/15E148 Safari/604.1"
::1 - - [05/Sep/2021:10:12:46 +0000] "POST /api/GetCityByState HTTP/1.1" 200 1956 "http://localhost:8100/" "Mozilla/5.0 (iPhone; CPU iPhone OS 13_2_3 like Mac OS X) AppleWebKit/605.1.15 (KHTML, like Gecko) Version/13.0.3 Mobile/15E148 Safari/604.1"
::1 - - [05/Sep/2021:10:15:02 +0000] "GET /api/GelAllState HTTP/1.1" 304 - "http://localhost:8100/" "Mozilla/5.0 (iPhone; CPU iPhone OS 13_2_3 like Mac OS X) AppleWebKit/605.1.15 (KHTML, like Gecko) Version/13.0.3 Mobile/15E148 Safari/604.1"
::1 - - [05/Sep/2021:10:15:15 +0000] "POST /api/GetCityByState HTTP/1.1" 200 1956 "http://localhost:8100/" "Mozilla/5.0 (iPhone; CPU iPhone OS 13_2_3 like Mac OS X) AppleWebKit/605.1.15 (KHTML, like Gecko) Version/13.0.3 Mobile/15E148 Safari/604.1"
::1 - - [05/Sep/2021:10:19:12 +0000] "GET /api/GelAllState HTTP/1.1" 304 - "http://localhost:8100/" "Mozilla/5.0 (iPhone; CPU iPhone OS 13_2_3 like Mac OS X) AppleWebKit/605.1.15 (KHTML, like Gecko) Version/13.0.3 Mobile/15E148 Safari/604.1"
::1 - - [05/Sep/2021:10:19:29 +0000] "POST /api/GetCityByState HTTP/1.1" 200 1956 "http://localhost:8100/" "Mozilla/5.0 (iPhone; CPU iPhone OS 13_2_3 like Mac OS X) AppleWebKit/605.1.15 (KHTML, like Gecko) Version/13.0.3 Mobile/15E148 Safari/604.1"
::1 - - [05/Sep/2021:10:21:19 +0000] "GET /api/GelAllState HTTP/1.1" 304 - "http://localhost:8100/" "Mozilla/5.0 (iPhone; CPU iPhone OS 13_2_3 like Mac OS X) AppleWebKit/605.1.15 (KHTML, like Gecko) Version/13.0.3 Mobile/15E148 Safari/604.1"
::1 - - [05/Sep/2021:10:21:29 +0000] "POST /api/GetCityByState HTTP/1.1" 200 1956 "http://localhost:8100/" "Mozilla/5.0 (iPhone; CPU iPhone OS 13_2_3 like Mac OS X) AppleWebKit/605.1.15 (KHTML, like Gecko) Version/13.0.3 Mobile/15E148 Safari/604.1"
::1 - - [05/Sep/2021:10:24:48 +0000] "GET /api/GelAllState HTTP/1.1" 304 - "http://localhost:8100/" "Mozilla/5.0 (iPhone; CPU iPhone OS 13_2_3 like Mac OS X) AppleWebKit/605.1.15 (KHTML, like Gecko) Version/13.0.3 Mobile/15E148 Safari/604.1"
::1 - - [05/Sep/2021:10:25:07 +0000] "POST /api/GetCityByState HTTP/1.1" 200 1956 "http://localhost:8100/" "Mozilla/5.0 (iPhone; CPU iPhone OS 13_2_3 like Mac OS X) AppleWebKit/605.1.15 (KHTML, like Gecko) Version/13.0.3 Mobile/15E148 Safari/604.1"
::1 - - [05/Sep/2021:10:26:37 +0000] "GET /api/GelAllState HTTP/1.1" 304 - "http://localhost:8100/" "Mozilla/5.0 (iPhone; CPU iPhone OS 13_2_3 like Mac OS X) AppleWebKit/605.1.15 (KHTML, like Gecko) Version/13.0.3 Mobile/15E148 Safari/604.1"
::1 - - [05/Sep/2021:10:26:48 +0000] "POST /api/GetCityByState HTTP/1.1" 200 1956 "http://localhost:8100/" "Mozilla/5.0 (iPhone; CPU iPhone OS 13_2_3 like Mac OS X) AppleWebKit/605.1.15 (KHTML, like Gecko) Version/13.0.3 Mobile/15E148 Safari/604.1"
::1 - - [05/Sep/2021:10:27:48 +0000] "GET /api/GelAllState HTTP/1.1" 304 - "http://localhost:8100/" "Mozilla/5.0 (iPhone; CPU iPhone OS 13_2_3 like Mac OS X) AppleWebKit/605.1.15 (KHTML, like Gecko) Version/13.0.3 Mobile/15E148 Safari/604.1"
::1 - - [05/Sep/2021:10:27:58 +0000] "POST /api/GetCityByState HTTP/1.1" 200 1956 "http://localhost:8100/" "Mozilla/5.0 (iPhone; CPU iPhone OS 13_2_3 like Mac OS X) AppleWebKit/605.1.15 (KHTML, like Gecko) Version/13.0.3 Mobile/15E148 Safari/604.1"
::1 - - [05/Sep/2021:10:30:06 +0000] "GET /api/GelAllState HTTP/1.1" 304 - "http://localhost:8100/" "Mozilla/5.0 (iPhone; CPU iPhone OS 13_2_3 like Mac OS X) AppleWebKit/605.1.15 (KHTML, like Gecko) Version/13.0.3 Mobile/15E148 Safari/604.1"
::1 - - [05/Sep/2021:10:30:18 +0000] "GET /api/GelAllState HTTP/1.1" 304 - "http://localhost:8100/" "Mozilla/5.0 (iPhone; CPU iPhone OS 13_2_3 like Mac OS X) AppleWebKit/605.1.15 (KHTML, like Gecko) Version/13.0.3 Mobile/15E148 Safari/604.1"
::1 - - [05/Sep/2021:10:30:27 +0000] "POST /api/GetCityByState HTTP/1.1" 200 1956 "http://localhost:8100/" "Mozilla/5.0 (iPhone; CPU iPhone OS 13_2_3 like Mac OS X) AppleWebKit/605.1.15 (KHTML, like Gecko) Version/13.0.3 Mobile/15E148 Safari/604.1"
::1 - - [05/Sep/2021:10:31:57 +0000] "GET /api/GelAllState HTTP/1.1" 304 - "http://localhost:8100/" "Mozilla/5.0 (iPhone; CPU iPhone OS 13_2_3 like Mac OS X) AppleWebKit/605.1.15 (KHTML, like Gecko) Version/13.0.3 Mobile/15E148 Safari/604.1"
::1 - - [05/Sep/2021:10:32:32 +0000] "GET /api/GelAllState HTTP/1.1" 304 - "http://localhost:8100/" "Mozilla/5.0 (iPhone; CPU iPhone OS 13_2_3 like Mac OS X) AppleWebKit/605.1.15 (KHTML, like Gecko) Version/13.0.3 Mobile/15E148 Safari/604.1"
::1 - - [05/Sep/2021:10:32:43 +0000] "POST /api/GetCityByState HTTP/1.1" 200 1956 "http://localhost:8100/" "Mozilla/5.0 (iPhone; CPU iPhone OS 13_2_3 like Mac OS X) AppleWebKit/605.1.15 (KHTML, like Gecko) Version/13.0.3 Mobile/15E148 Safari/604.1"
::1 - - [05/Sep/2021:10:33:13 +0000] "POST /api/GetCityByState HTTP/1.1" 200 868 "http://localhost:8100/" "Mozilla/5.0 (iPhone; CPU iPhone OS 13_2_3 like Mac OS X) AppleWebKit/605.1.15 (KHTML, like Gecko) Version/13.0.3 Mobile/15E148 Safari/604.1"
::1 - - [05/Sep/2021:10:40:40 +0000] "POST /api/GetCityByState HTTP/1.1" 200 1956 "http://localhost:8100/" "Mozilla/5.0 (iPhone; CPU iPhone OS 13_2_3 like Mac OS X) AppleWebKit/605.1.15 (KHTML, like Gecko) Version/13.0.3 Mobile/15E148 Safari/604.1"
::1 - - [05/Sep/2021:10:41:32 +0000] "GET /api/GelAllState HTTP/1.1" 304 - "http://localhost:8100/" "Mozilla/5.0 (iPhone; CPU iPhone OS 13_2_3 like Mac OS X) AppleWebKit/605.1.15 (KHTML, like Gecko) Version/13.0.3 Mobile/15E148 Safari/604.1"
::1 - - [05/Sep/2021:10:41:36 +0000] "GET /api/GelAllState HTTP/1.1" 304 - "http://localhost:8100/" "Mozilla/5.0 (iPhone; CPU iPhone OS 13_2_3 like Mac OS X) AppleWebKit/605.1.15 (KHTML, like Gecko) Version/13.0.3 Mobile/15E148 Safari/604.1"
::1 - - [05/Sep/2021:10:41:50 +0000] "POST /api/GetCityByState HTTP/1.1" 200 1956 "http://localhost:8100/" "Mozilla/5.0 (iPhone; CPU iPhone OS 13_2_3 like Mac OS X) AppleWebKit/605.1.15 (KHTML, like Gecko) Version/13.0.3 Mobile/15E148 Safari/604.1"
::1 - - [05/Sep/2021:10:42:14 +0000] "POST /api/GetCityByState HTTP/1.1" 200 868 "http://localhost:8100/" "Mozilla/5.0 (iPhone; CPU iPhone OS 13_2_3 like Mac OS X) AppleWebKit/605.1.15 (KHTML, like Gecko) Version/13.0.3 Mobile/15E148 Safari/604.1"
::1 - - [05/Sep/2021:10:42:46 +0000] "GET /api/GelAllState HTTP/1.1" 304 - "http://localhost:8100/" "Mozilla/5.0 (iPhone; CPU iPhone OS 13_2_3 like Mac OS X) AppleWebKit/605.1.15 (KHTML, like Gecko) Version/13.0.3 Mobile/15E148 Safari/604.1"
::1 - - [05/Sep/2021:10:42:52 +0000] "POST /api/GetCityByState HTTP/1.1" 200 1956 "http://localhost:8100/" "Mozilla/5.0 (iPhone; CPU iPhone OS 13_2_3 like Mac OS X) AppleWebKit/605.1.15 (KHTML, like Gecko) Version/13.0.3 Mobile/15E148 Safari/604.1"
::1 - - [05/Sep/2021:10:45:43 +0000] "GET /api/GelAllState HTTP/1.1" 304 - "http://localhost:8100/" "Mozilla/5.0 (iPhone; CPU iPhone OS 13_2_3 like Mac OS X) AppleWebKit/605.1.15 (KHTML, like Gecko) Version/13.0.3 Mobile/15E148 Safari/604.1"
::1 - - [05/Sep/2021:10:45:50 +0000] "POST /api/GetCityByState HTTP/1.1" 200 1956 "http://localhost:8100/" "Mozilla/5.0 (iPhone; CPU iPhone OS 13_2_3 like Mac OS X) AppleWebKit/605.1.15 (KHTML, like Gecko) Version/13.0.3 Mobile/15E148 Safari/604.1"
::1 - - [05/Sep/2021:10:46:13 +0000] "POST /api/GetCityByState HTTP/1.1" 200 868 "http://localhost:8100/" "Mozilla/5.0 (iPhone; CPU iPhone OS 13_2_3 like Mac OS X) AppleWebKit/605.1.15 (KHTML, like Gecko) Version/13.0.3 Mobile/15E148 Safari/604.1"
::1 - - [05/Sep/2021:10:48:51 +0000] "GET /api/GelAllState HTTP/1.1" 304 - "http://localhost:8100/" "Mozilla/5.0 (iPhone; CPU iPhone OS 13_2_3 like Mac OS X) AppleWebKit/605.1.15 (KHTML, like Gecko) Version/13.0.3 Mobile/15E148 Safari/604.1"
::1 - - [05/Sep/2021:10:49:00 +0000] "POST /api/GetCityByState HTTP/1.1" 200 1956 "http://localhost:8100/" "Mozilla/5.0 (iPhone; CPU iPhone OS 13_2_3 like Mac OS X) AppleWebKit/605.1.15 (KHTML, like Gecko) Version/13.0.3 Mobile/15E148 Safari/604.1"
::1 - - [05/Sep/2021:10:49:17 +0000] "POST /api/GetCityByState HTTP/1.1" 200 868 "http://localhost:8100/" "Mozilla/5.0 (iPhone; CPU iPhone OS 13_2_3 like Mac OS X) AppleWebKit/605.1.15 (KHTML, like Gecko) Version/13.0.3 Mobile/15E148 Safari/604.1"
::1 - - [05/Sep/2021:10:49:55 +0000] "POST /api/GetCityByState HTTP/1.1" 200 1956 "http://localhost:8100/" "Mozilla/5.0 (iPhone; CPU iPhone OS 13_2_3 like Mac OS X) AppleWebKit/605.1.15 (KHTML, like Gecko) Version/13.0.3 Mobile/15E148 Safari/604.1"
::1 - - [05/Sep/2021:11:21:49 +0000] "POST /api/GetCityByState HTTP/1.1" 200 1956 "-" "PostmanRuntime/7.28.4"
::1 - - [05/Sep/2021:11:22:08 +0000] "POST /api/GetBlockByCity HTTP/1.1" 200 2568 "-" "PostmanRuntime/7.28.4"
::1 - - [05/Sep/2021:11:23:32 +0000] "GET /api/GelAllState HTTP/1.1" 304 - "http://localhost:8100/" "Mozilla/5.0 (iPhone; CPU iPhone OS 13_2_3 like Mac OS X) AppleWebKit/605.1.15 (KHTML, like Gecko) Version/13.0.3 Mobile/15E148 Safari/604.1"
::1 - - [05/Sep/2021:11:24:57 +0000] "GET /api/GelAllState HTTP/1.1" 304 - "http://localhost:8100/" "Mozilla/5.0 (iPhone; CPU iPhone OS 13_2_3 like Mac OS X) AppleWebKit/605.1.15 (KHTML, like Gecko) Version/13.0.3 Mobile/15E148 Safari/604.1"
::1 - - [05/Sep/2021:11:25:53 +0000] "GET /api/GelAllState HTTP/1.1" 304 - "http://localhost:8100/" "Mozilla/5.0 (iPhone; CPU iPhone OS 13_2_3 like Mac OS X) AppleWebKit/605.1.15 (KHTML, like Gecko) Version/13.0.3 Mobile/15E148 Safari/604.1"
::1 - - [05/Sep/2021:11:26:55 +0000] "GET /api/GelAllState HTTP/1.1" 304 - "http://localhost:8100/" "Mozilla/5.0 (iPhone; CPU iPhone OS 13_2_3 like Mac OS X) AppleWebKit/605.1.15 (KHTML, like Gecko) Version/13.0.3 Mobile/15E148 Safari/604.1"
::1 - - [05/Sep/2021:11:27:17 +0000] "GET /api/GelAllState HTTP/1.1" 304 - "http://localhost:8100/" "Mozilla/5.0 (iPhone; CPU iPhone OS 13_2_3 like Mac OS X) AppleWebKit/605.1.15 (KHTML, like Gecko) Version/13.0.3 Mobile/15E148 Safari/604.1"
::1 - - [05/Sep/2021:11:27:32 +0000] "POST /api/GetCityByState HTTP/1.1" 200 1956 "http://localhost:8100/" "Mozilla/5.0 (iPhone; CPU iPhone OS 13_2_3 like Mac OS X) AppleWebKit/605.1.15 (KHTML, like Gecko) Version/13.0.3 Mobile/15E148 Safari/604.1"
::1 - - [05/Sep/2021:11:27:42 +0000] "POST /api/GetCityByState HTTP/1.1" 200 24 "http://localhost:8100/" "Mozilla/5.0 (iPhone; CPU iPhone OS 13_2_3 like Mac OS X) AppleWebKit/605.1.15 (KHTML, like Gecko) Version/13.0.3 Mobile/15E148 Safari/604.1"
::1 - - [05/Sep/2021:11:28:56 +0000] "GET /api/GelAllState HTTP/1.1" 304 - "http://localhost:8100/" "Mozilla/5.0 (iPhone; CPU iPhone OS 13_2_3 like Mac OS X) AppleWebKit/605.1.15 (KHTML, like Gecko) Version/13.0.3 Mobile/15E148 Safari/604.1"
::1 - - [05/Sep/2021:11:29:03 +0000] "POST /api/GetCityByState HTTP/1.1" 200 1956 "http://localhost:8100/" "Mozilla/5.0 (iPhone; CPU iPhone OS 13_2_3 like Mac OS X) AppleWebKit/605.1.15 (KHTML, like Gecko) Version/13.0.3 Mobile/15E148 Safari/604.1"
::1 - - [05/Sep/2021:11:29:15 +0000] "POST /api/GetBlockByCity HTTP/1.1" 200 2568 "http://localhost:8100/" "Mozilla/5.0 (iPhone; CPU iPhone OS 13_2_3 like Mac OS X) AppleWebKit/605.1.15 (KHTML, like Gecko) Version/13.0.3 Mobile/15E148 Safari/604.1"
::1 - - [05/Sep/2021:11:30:19 +0000] "GET /api/GelAllState HTTP/1.1" 304 - "http://localhost:8100/" "Mozilla/5.0 (iPhone; CPU iPhone OS 13_2_3 like Mac OS X) AppleWebKit/605.1.15 (KHTML, like Gecko) Version/13.0.3 Mobile/15E148 Safari/604.1"
::1 - - [05/Sep/2021:11:31:09 +0000] "GET /api/GelAllState HTTP/1.1" 304 - "http://localhost:8100/" "Mozilla/5.0 (iPhone; CPU iPhone OS 13_2_3 like Mac OS X) AppleWebKit/605.1.15 (KHTML, like Gecko) Version/13.0.3 Mobile/15E148 Safari/604.1"
::1 - - [05/Sep/2021:11:31:17 +0000] "POST /api/GetCityByState HTTP/1.1" 200 1956 "http://localhost:8100/" "Mozilla/5.0 (iPhone; CPU iPhone OS 13_2_3 like Mac OS X) AppleWebKit/605.1.15 (KHTML, like Gecko) Version/13.0.3 Mobile/15E148 Safari/604.1"
::1 - - [05/Sep/2021:11:31:25 +0000] "POST /api/GetBlockByCity HTTP/1.1" 200 2568 "http://localhost:8100/" "Mozilla/5.0 (iPhone; CPU iPhone OS 13_2_3 like Mac OS X) AppleWebKit/605.1.15 (KHTML, like Gecko) Version/13.0.3 Mobile/15E148 Safari/604.1"
::1 - - [05/Sep/2021:11:31:45 +0000] "POST /api/GetBlockByCity HTTP/1.1" 200 2568 "http://localhost:8100/" "Mozilla/5.0 (iPhone; CPU iPhone OS 13_2_3 like Mac OS X) AppleWebKit/605.1.15 (KHTML, like Gecko) Version/13.0.3 Mobile/15E148 Safari/604.1"
::1 - - [05/Sep/2021:11:32:09 +0000] "POST /api/GetBlockByCity HTTP/1.1" 200 2568 "http://localhost:8100/" "Mozilla/5.0 (iPhone; CPU iPhone OS 13_2_3 like Mac OS X) AppleWebKit/605.1.15 (KHTML, like Gecko) Version/13.0.3 Mobile/15E148 Safari/604.1"
::1 - - [05/Sep/2021:11:34:02 +0000] "GET /api/GelAllState HTTP/1.1" 304 - "http://localhost:8100/" "Mozilla/5.0 (iPhone; CPU iPhone OS 13_2_3 like Mac OS X) AppleWebKit/605.1.15 (KHTML, like Gecko) Version/13.0.3 Mobile/15E148 Safari/604.1"
::1 - - [05/Sep/2021:11:34:09 +0000] "POST /api/GetCityByState HTTP/1.1" 200 1956 "http://localhost:8100/" "Mozilla/5.0 (iPhone; CPU iPhone OS 13_2_3 like Mac OS X) AppleWebKit/605.1.15 (KHTML, like Gecko) Version/13.0.3 Mobile/15E148 Safari/604.1"
::1 - - [05/Sep/2021:11:34:12 +0000] "POST /api/GetBlockByCity HTTP/1.1" 200 2568 "http://localhost:8100/" "Mozilla/5.0 (iPhone; CPU iPhone OS 13_2_3 like Mac OS X) AppleWebKit/605.1.15 (KHTML, like Gecko) Version/13.0.3 Mobile/15E148 Safari/604.1"
::1 - - [05/Sep/2021:11:34:23 +0000] "POST /api/GetBlockByCity HTTP/1.1" 200 2568 "http://localhost:8100/" "Mozilla/5.0 (iPhone; CPU iPhone OS 13_2_3 like Mac OS X) AppleWebKit/605.1.15 (KHTML, like Gecko) Version/13.0.3 Mobile/15E148 Safari/604.1"
::1 - - [05/Sep/2021:11:36:10 +0000] "POST /api/GetBlockByCity HTTP/1.1" 200 2568 "-" "PostmanRuntime/7.28.4"
::1 - - [05/Sep/2021:11:36:34 +0000] "POST /api/GetBlockByCity HTTP/1.1" 200 2568 "-" "PostmanRuntime/7.28.4"
::1 - - [05/Sep/2021:11:43:28 +0000] "POST /api/GetBlockByCity HTTP/1.1" 200 1142 "-" "PostmanRuntime/7.28.4"
::1 - - [05/Sep/2021:11:43:48 +0000] "POST /api/GetBlockByCity HTTP/1.1" 200 1488 "-" "PostmanRuntime/7.28.4"
::1 - - [05/Sep/2021:11:44:04 +0000] "GET /api/GelAllState HTTP/1.1" 304 - "http://localhost:8100/" "Mozilla/5.0 (iPhone; CPU iPhone OS 13_2_3 like Mac OS X) AppleWebKit/605.1.15 (KHTML, like Gecko) Version/13.0.3 Mobile/15E148 Safari/604.1"
::1 - - [05/Sep/2021:11:44:12 +0000] "POST /api/GetCityByState HTTP/1.1" 200 1956 "http://localhost:8100/" "Mozilla/5.0 (iPhone; CPU iPhone OS 13_2_3 like Mac OS X) AppleWebKit/605.1.15 (KHTML, like Gecko) Version/13.0.3 Mobile/15E148 Safari/604.1"
::1 - - [05/Sep/2021:11:44:16 +0000] "POST /api/GetBlockByCity HTTP/1.1" 200 1142 "http://localhost:8100/" "Mozilla/5.0 (iPhone; CPU iPhone OS 13_2_3 like Mac OS X) AppleWebKit/605.1.15 (KHTML, like Gecko) Version/13.0.3 Mobile/15E148 Safari/604.1"
::1 - - [05/Sep/2021:11:44:30 +0000] "POST /api/GetBlockByCity HTTP/1.1" 200 1488 "http://localhost:8100/" "Mozilla/5.0 (iPhone; CPU iPhone OS 13_2_3 like Mac OS X) AppleWebKit/605.1.15 (KHTML, like Gecko) Version/13.0.3 Mobile/15E148 Safari/604.1"
::1 - - [05/Sep/2021:11:45:17 +0000] "POST /api/GetBlockByCity HTTP/1.1" 200 1142 "http://localhost:8100/" "Mozilla/5.0 (iPhone; CPU iPhone OS 13_2_3 like Mac OS X) AppleWebKit/605.1.15 (KHTML, like Gecko) Version/13.0.3 Mobile/15E148 Safari/604.1"
::1 - - [05/Sep/2021:11:50:37 +0000] "GET /api/GelAllState HTTP/1.1" 304 - "http://localhost:8100/" "Mozilla/5.0 (iPhone; CPU iPhone OS 13_2_3 like Mac OS X) AppleWebKit/605.1.15 (KHTML, like Gecko) Version/13.0.3 Mobile/15E148 Safari/604.1"
::1 - - [05/Sep/2021:11:50:56 +0000] "POST /api/GetCityByState HTTP/1.1" 200 1956 "http://localhost:8100/" "Mozilla/5.0 (iPhone; CPU iPhone OS 13_2_3 like Mac OS X) AppleWebKit/605.1.15 (KHTML, like Gecko) Version/13.0.3 Mobile/15E148 Safari/604.1"
::1 - - [05/Sep/2021:11:51:30 +0000] "POST /api/GetBlockByCity HTTP/1.1" 200 64 "http://localhost:8100/" "Mozilla/5.0 (iPhone; CPU iPhone OS 13_2_3 like Mac OS X) AppleWebKit/605.1.15 (KHTML, like Gecko) Version/13.0.3 Mobile/15E148 Safari/604.1"
::1 - - [05/Sep/2021:11:59:07 +0000] "GET /api/GelAllState HTTP/1.1" 304 - "http://localhost:8100/" "Mozilla/5.0 (iPhone; CPU iPhone OS 13_2_3 like Mac OS X) AppleWebKit/605.1.15 (KHTML, like Gecko) Version/13.0.3 Mobile/15E148 Safari/604.1"
::1 - - [05/Sep/2021:11:59:15 +0000] "POST /api/GetCityByState HTTP/1.1" 200 1956 "http://localhost:8100/" "Mozilla/5.0 (iPhone; CPU iPhone OS 13_2_3 like Mac OS X) AppleWebKit/605.1.15 (KHTML, like Gecko) Version/13.0.3 Mobile/15E148 Safari/604.1"
::1 - - [05/Sep/2021:11:59:19 +0000] "POST /api/GetBlockByCity HTTP/1.1" 200 1850 "http://localhost:8100/" "Mozilla/5.0 (iPhone; CPU iPhone OS 13_2_3 like Mac OS X) AppleWebKit/605.1.15 (KHTML, like Gecko) Version/13.0.3 Mobile/15E148 Safari/604.1"
::1 - - [05/Sep/2021:11:59:30 +0000] "POST /api/GetBlockByCity HTTP/1.1" 200 1142 "http://localhost:8100/" "Mozilla/5.0 (iPhone; CPU iPhone OS 13_2_3 like Mac OS X) AppleWebKit/605.1.15 (KHTML, like Gecko) Version/13.0.3 Mobile/15E148 Safari/604.1"
::1 - - [05/Sep/2021:12:06:01 +0000] "GET /api/GelAllState HTTP/1.1" 304 - "http://localhost:8100/" "Mozilla/5.0 (iPhone; CPU iPhone OS 13_2_3 like Mac OS X) AppleWebKit/605.1.15 (KHTML, like Gecko) Version/13.0.3 Mobile/15E148 Safari/604.1"
::1 - - [05/Sep/2021:12:06:07 +0000] "POST /api/GetCityByState HTTP/1.1" 200 1956 "http://localhost:8100/" "Mozilla/5.0 (iPhone; CPU iPhone OS 13_2_3 like Mac OS X) AppleWebKit/605.1.15 (KHTML, like Gecko) Version/13.0.3 Mobile/15E148 Safari/604.1"
::1 - - [05/Sep/2021:12:06:10 +0000] "POST /api/GetBlockByCity HTTP/1.1" 200 1296 "http://localhost:8100/" "Mozilla/5.0 (iPhone; CPU iPhone OS 13_2_3 like Mac OS X) AppleWebKit/605.1.15 (KHTML, like Gecko) Version/13.0.3 Mobile/15E148 Safari/604.1"
::1 - - [05/Sep/2021:12:06:35 +0000] "POST /api/GetBlockByCity HTTP/1.1" 200 1850 "http://localhost:8100/" "Mozilla/5.0 (iPhone; CPU iPhone OS 13_2_3 like Mac OS X) AppleWebKit/605.1.15 (KHTML, like Gecko) Version/13.0.3 Mobile/15E148 Safari/604.1"
::1 - - [05/Sep/2021:12:06:45 +0000] "POST /api/GetBlockByCity HTTP/1.1" 200 1142 "http://localhost:8100/" "Mozilla/5.0 (iPhone; CPU iPhone OS 13_2_3 like Mac OS X) AppleWebKit/605.1.15 (KHTML, like Gecko) Version/13.0.3 Mobile/15E148 Safari/604.1"
::1 - - [05/Sep/2021:12:13:40 +0000] "GET /api/GelAllState HTTP/1.1" 304 - "http://localhost:8100/" "Mozilla/5.0 (iPhone; CPU iPhone OS 13_2_3 like Mac OS X) AppleWebKit/605.1.15 (KHTML, like Gecko) Version/13.0.3 Mobile/15E148 Safari/604.1"
::1 - - [05/Sep/2021:12:14:30 +0000] "POST /api/GetCityByState HTTP/1.1" 200 1956 "http://localhost:8100/" "Mozilla/5.0 (iPhone; CPU iPhone OS 13_2_3 like Mac OS X) AppleWebKit/605.1.15 (KHTML, like Gecko) Version/13.0.3 Mobile/15E148 Safari/604.1"
::1 - - [05/Sep/2021:12:14:35 +0000] "POST /api/GetBlockByCity HTTP/1.1" 200 1122 "http://localhost:8100/" "Mozilla/5.0 (iPhone; CPU iPhone OS 13_2_3 like Mac OS X) AppleWebKit/605.1.15 (KHTML, like Gecko) Version/13.0.3 Mobile/15E148 Safari/604.1"
::1 - - [05/Sep/2021:14:08:36 +0000] "POST /api/GetCityByState HTTP/1.1" 200 868 "http://localhost:8100/" "Mozilla/5.0 (iPhone; CPU iPhone OS 13_2_3 like Mac OS X) AppleWebKit/605.1.15 (KHTML, like Gecko) Version/13.0.3 Mobile/15E148 Safari/604.1"
::1 - - [05/Sep/2021:14:08:41 +0000] "POST /api/GetBlockByCity HTTP/1.1" 200 64 "http://localhost:8100/" "Mozilla/5.0 (iPhone; CPU iPhone OS 13_2_3 like Mac OS X) AppleWebKit/605.1.15 (KHTML, like Gecko) Version/13.0.3 Mobile/15E148 Safari/604.1"
::1 - - [05/Sep/2021:14:17:12 +0000] "GET /api/GelAllState HTTP/1.1" 304 - "http://localhost:8100/" "Mozilla/5.0 (iPhone; CPU iPhone OS 13_2_3 like Mac OS X) AppleWebKit/605.1.15 (KHTML, like Gecko) Version/13.0.3 Mobile/15E148 Safari/604.1"
::1 - - [05/Sep/2021:14:17:19 +0000] "POST /api/GetCityByState HTTP/1.1" 200 1956 "http://localhost:8100/" "Mozilla/5.0 (iPhone; CPU iPhone OS 13_2_3 like Mac OS X) AppleWebKit/605.1.15 (KHTML, like Gecko) Version/13.0.3 Mobile/15E148 Safari/604.1"
::1 - - [05/Sep/2021:14:17:27 +0000] "POST /api/GetBlockByCity HTTP/1.1" 200 1644 "http://localhost:8100/" "Mozilla/5.0 (iPhone; CPU iPhone OS 13_2_3 like Mac OS X) AppleWebKit/605.1.15 (KHTML, like Gecko) Version/13.0.3 Mobile/15E148 Safari/604.1"
::1 - - [05/Sep/2021:14:29:55 +0000] "GET /api/GelAllState HTTP/1.1" 304 - "http://localhost:8100/" "Mozilla/5.0 (iPhone; CPU iPhone OS 13_2_3 like Mac OS X) AppleWebKit/605.1.15 (KHTML, like Gecko) Version/13.0.3 Mobile/15E148 Safari/604.1"
::1 - - [05/Sep/2021:14:30:04 +0000] "POST /api/GetCityByState HTTP/1.1" 200 1956 "http://localhost:8100/" "Mozilla/5.0 (iPhone; CPU iPhone OS 13_2_3 like Mac OS X) AppleWebKit/605.1.15 (KHTML, like Gecko) Version/13.0.3 Mobile/15E148 Safari/604.1"
::1 - - [05/Sep/2021:14:30:09 +0000] "POST /api/GetBlockByCity HTTP/1.1" 200 1200 "http://localhost:8100/" "Mozilla/5.0 (iPhone; CPU iPhone OS 13_2_3 like Mac OS X) AppleWebKit/605.1.15 (KHTML, like Gecko) Version/13.0.3 Mobile/15E148 Safari/604.1"
::1 - - [05/Sep/2021:14:42:51 +0000] "GET /api/GelAllState HTTP/1.1" 304 - "http://localhost:8100/" "Mozilla/5.0 (iPhone; CPU iPhone OS 13_2_3 like Mac OS X) AppleWebKit/605.1.15 (KHTML, like Gecko) Version/13.0.3 Mobile/15E148 Safari/604.1"
::1 - - [05/Sep/2021:14:42:58 +0000] "POST /api/GetCityByState HTTP/1.1" 200 1956 "http://localhost:8100/" "Mozilla/5.0 (iPhone; CPU iPhone OS 13_2_3 like Mac OS X) AppleWebKit/605.1.15 (KHTML, like Gecko) Version/13.0.3 Mobile/15E148 Safari/604.1"
::1 - - [05/Sep/2021:14:43:05 +0000] "POST /api/GetBlockByCity HTTP/1.1" 200 1280 "http://localhost:8100/" "Mozilla/5.0 (iPhone; CPU iPhone OS 13_2_3 like Mac OS X) AppleWebKit/605.1.15 (KHTML, like Gecko) Version/13.0.3 Mobile/15E148 Safari/604.1"
::1 - - [05/Sep/2021:15:01:43 +0000] "GET /api/GelAllState HTTP/1.1" 304 - "http://localhost:8100/" "Mozilla/5.0 (iPhone; CPU iPhone OS 13_2_3 like Mac OS X) AppleWebKit/605.1.15 (KHTML, like Gecko) Version/13.0.3 Mobile/15E148 Safari/604.1"
::1 - - [05/Sep/2021:15:02:40 +0000] "GET /api/GelAllState HTTP/1.1" 304 - "http://localhost:8100/" "Mozilla/5.0 (iPhone; CPU iPhone OS 13_2_3 like Mac OS X) AppleWebKit/605.1.15 (KHTML, like Gecko) Version/13.0.3 Mobile/15E148 Safari/604.1"
::1 - - [05/Sep/2021:15:02:56 +0000] "GET /api/GelAllState HTTP/1.1" 304 - "http://localhost:8100/" "Mozilla/5.0 (iPhone; CPU iPhone OS 13_2_3 like Mac OS X) AppleWebKit/605.1.15 (KHTML, like Gecko) Version/13.0.3 Mobile/15E148 Safari/604.1"
::1 - - [05/Sep/2021:18:09:49 +0000] "GET /api/GelAllState HTTP/1.1" 200 1079 "-" "PostmanRuntime/7.28.4"
::1 - - [05/Sep/2021:18:24:43 +0000] "GET /api/GelAllState HTTP/1.1" 304 - "http://localhost:8100/" "Mozilla/5.0 (iPhone; CPU iPhone OS 13_2_3 like Mac OS X) AppleWebKit/605.1.15 (KHTML, like Gecko) Version/13.0.3 Mobile/15E148 Safari/604.1"
::1 - - [05/Sep/2021:18:24:49 +0000] "POST /api/GetCityByState HTTP/1.1" 200 1956 "http://localhost:8100/" "Mozilla/5.0 (iPhone; CPU iPhone OS 13_2_3 like Mac OS X) AppleWebKit/605.1.15 (KHTML, like Gecko) Version/13.0.3 Mobile/15E148 Safari/604.1"
::1 - - [05/Sep/2021:18:24:54 +0000] "POST /api/GetBlockByCity HTTP/1.1" 200 1142 "http://localhost:8100/" "Mozilla/5.0 (iPhone; CPU iPhone OS 13_2_3 like Mac OS X) AppleWebKit/605.1.15 (KHTML, like Gecko) Version/13.0.3 Mobile/15E148 Safari/604.1"
::1 - - [06/Sep/2021:06:28:27 +0000] "GET /api/GelAllState HTTP/1.1" 304 - "http://localhost:8100/" "Mozilla/5.0 (iPhone; CPU iPhone OS 13_2_3 like Mac OS X) AppleWebKit/605.1.15 (KHTML, like Gecko) Version/13.0.3 Mobile/15E148 Safari/604.1"
::1 - - [06/Sep/2021:06:28:39 +0000] "POST /api/GetCityByState HTTP/1.1" 200 1956 "http://localhost:8100/" "Mozilla/5.0 (iPhone; CPU iPhone OS 13_2_3 like Mac OS X) AppleWebKit/605.1.15 (KHTML, like Gecko) Version/13.0.3 Mobile/15E148 Safari/604.1"
::1 - - [06/Sep/2021:06:28:46 +0000] "POST /api/GetBlockByCity HTTP/1.1" 200 1142 "http://localhost:8100/" "Mozilla/5.0 (iPhone; CPU iPhone OS 13_2_3 like Mac OS X) AppleWebKit/605.1.15 (KHTML, like Gecko) Version/13.0.3 Mobile/15E148 Safari/604.1"
::1 - - [06/Sep/2021:06:29:06 +0000] "POST /api/GetCityByState HTTP/1.1" 200 64 "http://localhost:8100/" "Mozilla/5.0 (iPhone; CPU iPhone OS 13_2_3 like Mac OS X) AppleWebKit/605.1.15 (KHTML, like Gecko) Version/13.0.3 Mobile/15E148 Safari/604.1"
::1 - - [06/Sep/2021:06:29:21 +0000] "POST /api/GetBlockByCity HTTP/1.1" 200 24 "http://localhost:8100/" "Mozilla/5.0 (iPhone; CPU iPhone OS 13_2_3 like Mac OS X) AppleWebKit/605.1.15 (KHTML, like Gecko) Version/13.0.3 Mobile/15E148 Safari/604.1"
::1 - - [06/Sep/2021:06:34:40 +0000] "GET /api/GelAllState HTTP/1.1" 304 - "http://localhost:8100/" "Mozilla/5.0 (iPhone; CPU iPhone OS 13_2_3 like Mac OS X) AppleWebKit/605.1.15 (KHTML, like Gecko) Version/13.0.3 Mobile/15E148 Safari/604.1"
::1 - - [06/Sep/2021:06:35:09 +0000] "POST /api/GetCityByState HTTP/1.1" 200 1956 "http://localhost:8100/" "Mozilla/5.0 (iPhone; CPU iPhone OS 13_2_3 like Mac OS X) AppleWebKit/605.1.15 (KHTML, like Gecko) Version/13.0.3 Mobile/15E148 Safari/604.1"
::1 - - [06/Sep/2021:06:35:25 +0000] "POST /api/GetBlockByCity HTTP/1.1" 200 1488 "http://localhost:8100/" "Mozilla/5.0 (iPhone; CPU iPhone OS 13_2_3 like Mac OS X) AppleWebKit/605.1.15 (KHTML, like Gecko) Version/13.0.3 Mobile/15E148 Safari/604.1"
::1 - - [06/Sep/2021:06:35:45 +0000] "POST /api/GetCityByState HTTP/1.1" 200 64 "http://localhost:8100/" "Mozilla/5.0 (iPhone; CPU iPhone OS 13_2_3 like Mac OS X) AppleWebKit/605.1.15 (KHTML, like Gecko) Version/13.0.3 Mobile/15E148 Safari/604.1"
::1 - - [06/Sep/2021:06:36:04 +0000] "POST /api/GetBlockByCity HTTP/1.1" 200 24 "http://localhost:8100/" "Mozilla/5.0 (iPhone; CPU iPhone OS 13_2_3 like Mac OS X) AppleWebKit/605.1.15 (KHTML, like Gecko) Version/13.0.3 Mobile/15E148 Safari/604.1"
::1 - - [06/Sep/2021:06:36:14 +0000] "POST /api/GetCityByState HTTP/1.1" 200 1956 "http://localhost:8100/" "Mozilla/5.0 (iPhone; CPU iPhone OS 13_2_3 like Mac OS X) AppleWebKit/605.1.15 (KHTML, like Gecko) Version/13.0.3 Mobile/15E148 Safari/604.1"
::1 - - [06/Sep/2021:06:36:25 +0000] "POST /api/GetBlockByCity HTTP/1.1" 200 1488 "http://localhost:8100/" "Mozilla/5.0 (iPhone; CPU iPhone OS 13_2_3 like Mac OS X) AppleWebKit/605.1.15 (KHTML, like Gecko) Version/13.0.3 Mobile/15E148 Safari/604.1"
::1 - - [06/Sep/2021:06:36:39 +0000] "POST /api/GetCityByState HTTP/1.1" 200 64 "http://localhost:8100/" "Mozilla/5.0 (iPhone; CPU iPhone OS 13_2_3 like Mac OS X) AppleWebKit/605.1.15 (KHTML, like Gecko) Version/13.0.3 Mobile/15E148 Safari/604.1"
::1 - - [06/Sep/2021:06:37:04 +0000] "POST /api/GetBlockByCity HTTP/1.1" 200 24 "http://localhost:8100/" "Mozilla/5.0 (iPhone; CPU iPhone OS 13_2_3 like Mac OS X) AppleWebKit/605.1.15 (KHTML, like Gecko) Version/13.0.3 Mobile/15E148 Safari/604.1"
::1 - - [06/Sep/2021:07:21:25 +0000] "GET /api/GelAllState HTTP/1.1" 304 - "http://localhost:8100/" "Mozilla/5.0 (iPhone; CPU iPhone OS 13_2_3 like Mac OS X) AppleWebKit/605.1.15 (KHTML, like Gecko) Version/13.0.3 Mobile/15E148 Safari/604.1"
::1 - - [06/Sep/2021:07:35:24 +0000] "GET /api/GelAllState HTTP/1.1" 304 - "http://localhost:8100/" "Mozilla/5.0 (iPhone; CPU iPhone OS 13_2_3 like Mac OS X) AppleWebKit/605.1.15 (KHTML, like Gecko) Version/13.0.3 Mobile/15E148 Safari/604.1"
::1 - - [06/Sep/2021:07:35:48 +0000] "POST /api/GetCityByState HTTP/1.1" 200 1956 "http://localhost:8100/" "Mozilla/5.0 (iPhone; CPU iPhone OS 13_2_3 like Mac OS X) AppleWebKit/605.1.15 (KHTML, like Gecko) Version/13.0.3 Mobile/15E148 Safari/604.1"
::1 - - [06/Sep/2021:07:36:04 +0000] "POST /api/GetBlockByCity HTTP/1.1" 200 1318 "http://localhost:8100/" "Mozilla/5.0 (iPhone; CPU iPhone OS 13_2_3 like Mac OS X) AppleWebKit/605.1.15 (KHTML, like Gecko) Version/13.0.3 Mobile/15E148 Safari/604.1"
::1 - - [06/Sep/2021:07:46:44 +0000] "GET /api/GelAllState HTTP/1.1" 200 1079 "http://localhost:8100/" "Mozilla/5.0 (iPhone; CPU iPhone OS 13_2_3 like Mac OS X) AppleWebKit/605.1.15 (KHTML, like Gecko) Version/13.0.3 Mobile/15E148 Safari/604.1"
::1 - - [06/Sep/2021:07:46:55 +0000] "POST /api/GetCityByState HTTP/1.1" 200 1956 "http://localhost:8100/" "Mozilla/5.0 (iPhone; CPU iPhone OS 13_2_3 like Mac OS X) AppleWebKit/605.1.15 (KHTML, like Gecko) Version/13.0.3 Mobile/15E148 Safari/604.1"
::1 - - [06/Sep/2021:07:47:07 +0000] "POST /api/GetBlockByCity HTTP/1.1" 200 1318 "http://localhost:8100/" "Mozilla/5.0 (iPhone; CPU iPhone OS 13_2_3 like Mac OS X) AppleWebKit/605.1.15 (KHTML, like Gecko) Version/13.0.3 Mobile/15E148 Safari/604.1"
::1 - - [06/Sep/2021:07:47:56 +0000] "POST /api/GetCityByState HTTP/1.1" 200 64 "http://localhost:8100/" "Mozilla/5.0 (iPhone; CPU iPhone OS 13_2_3 like Mac OS X) AppleWebKit/605.1.15 (KHTML, like Gecko) Version/13.0.3 Mobile/15E148 Safari/604.1"
::1 - - [06/Sep/2021:07:48:00 +0000] "POST /api/GetBlockByCity HTTP/1.1" 200 24 "http://localhost:8100/" "Mozilla/5.0 (iPhone; CPU iPhone OS 13_2_3 like Mac OS X) AppleWebKit/605.1.15 (KHTML, like Gecko) Version/13.0.3 Mobile/15E148 Safari/604.1"
::1 - - [06/Sep/2021:07:50:53 +0000] "POST /api/GetCityByState HTTP/1.1" 200 1956 "http://localhost:8100/" "Mozilla/5.0 (iPhone; CPU iPhone OS 13_2_3 like Mac OS X) AppleWebKit/605.1.15 (KHTML, like Gecko) Version/13.0.3 Mobile/15E148 Safari/604.1"
::1 - - [06/Sep/2021:07:51:14 +0000] "POST /api/GetBlockByCity HTTP/1.1" 200 1142 "http://localhost:8100/" "Mozilla/5.0 (iPhone; CPU iPhone OS 13_2_3 like Mac OS X) AppleWebKit/605.1.15 (KHTML, like Gecko) Version/13.0.3 Mobile/15E148 Safari/604.1"
::1 - - [06/Sep/2021:09:09:09 +0000] "GET /api/GelAllState HTTP/1.1" 304 - "http://localhost:8100/" "Mozilla/5.0 (iPhone; CPU iPhone OS 13_2_3 like Mac OS X) AppleWebKit/605.1.15 (KHTML, like Gecko) Version/13.0.3 Mobile/15E148 Safari/604.1"
::1 - - [06/Sep/2021:09:10:57 +0000] "GET /api/GelAllState HTTP/1.1" 304 - "http://localhost:8100/" "Mozilla/5.0 (iPhone; CPU iPhone OS 13_2_3 like Mac OS X) AppleWebKit/605.1.15 (KHTML, like Gecko) Version/13.0.3 Mobile/15E148 Safari/604.1"
::1 - - [06/Sep/2021:09:19:51 +0000] "GET /api/GelAllState HTTP/1.1" 304 - "http://localhost:8100/" "Mozilla/5.0 (iPhone; CPU iPhone OS 13_2_3 like Mac OS X) AppleWebKit/605.1.15 (KHTML, like Gecko) Version/13.0.3 Mobile/15E148 Safari/604.1"
::1 - - [06/Sep/2021:09:22:00 +0000] "GET /api/GelAllState HTTP/1.1" 304 - "http://localhost:8100/" "Mozilla/5.0 (iPhone; CPU iPhone OS 13_2_3 like Mac OS X) AppleWebKit/605.1.15 (KHTML, like Gecko) Version/13.0.3 Mobile/15E148 Safari/604.1"
